<?xml version="1.0" encoding="UTF-8"?>
<!-- Generated by org.testng.reporters.JUnitXMLReporter -->
<testsuite hostname="Lenovo-PC" name="regressiontesting" tests="4" failures="1" timestamp="6 Jun 2020 03:20:06 GMT" time="38.78" errors="0">
  <testcase name="verifycontactdetailpageforlicenseuser" time="1.71" classname="com.applicationname.businessscripts.ContactUs"/>
  <testcase name="verifypopupforpasswordrules" time="2.607" classname="com.applicationname.businessscripts.CreateAnAccount"/>
  <testcase name="creatingtheaccount" time="5.42" classname="com.applicationname.businessscripts.CreateAnAccount">
    <failure type="java.lang.AssertionError" message="expected [Arun Kumar] but found [Welcome Arun kumar]">
      <![CDATA[java.lang.AssertionError: expected [Arun Kumar] but found [Welcome Arun kumar]
	at com.applicationname.businessscripts.CreateAnAccount.creatingtheaccount(CreateAnAccount.java:38)
... Removed 29 stack frames]]>
    </failure>
  </testcase> <!-- creatingtheaccount -->
  <testcase name="fDNY_RegisterExam_coreectuerdetails" time="10.02" classname="com.applicationname.businessscripts.RegisterForTest"/>
</testsuite> <!-- regressiontesting -->
